<?xml version="1.0" encoding="UTF-8"?>
<testsuite name="springexample.actuator.SampleActuatorApplicationTests" time="1.766" tests="11" errors="0" skipped="0" failures="0">
  <properties>
[...]
</properties>
  <testcase name="testEnv" classname="springexample.actuator.SampleActuatorApplicationTests" time="1.296"/>
  <testcase name="testBeans" classname="springexample.actuator.SampleActuatorApplicationTests" time="0.074"/>
  <testcase name="testTrace" classname="springexample.actuator.SampleActuatorApplicationTests" time="0.071"/>
  <testcase name="testHome" classname="springexample.actuator.SampleActuatorApplicationTests" time="0.026"/>
  <testcase name="testHtmlErrorPage" classname="springexample.actuator.SampleActuatorApplicationTests" time="0.062"/>
  <testcase name="testMetricsIsSecure" classname="springexample.actuator.SampleActuatorApplicationTests" time="0.171"/>
  <testcase name="testMetrics" classname="springexample.actuator.SampleActuatorApplicationTests" time="0.002"/>
  <testcase name="testErrorPage" classname="springexample.actuator.SampleActuatorApplicationTests" time="0.037"/>
  <testcase name="testHealth" classname="springexample.actuator.SampleActuatorApplicationTests" time="0"/>
  <testcase name="testErrorPageDirectAccess" classname="springexample.actuator.SampleActuatorApplicationTests" time="0"/>
  <testcase name="testHomeIsSecure" classname="springexample.actuator.SampleActuatorApplicationTests" time="0.027"/>
</testsuite>